{"/home/julia/ccca/refactoring-1/src/after/validateCPF.ts": {"path":"/home/julia/ccca/refactoring-1/src/after/validateCPF.ts","statementMap":{"0":{"start":{"line":4,"column":4},"end":{"line":56,"column":24}},"1":{"start":{"line":7,"column":12},"end":{"line":7,"column":91}},"2":{"start":{"line":11,"column":12},"end":{"line":11,"column":58}},"3":{"start":{"line":11,"column":44},"end":{"line":11,"column":56}},"4":{"start":{"line":14,"column":8},"end":{"line":52,"column":28}},"5":{"start":{"line":15,"column":12},"end":{"line":15,"column":29}},"6":{"start":{"line":16,"column":12},"end":{"line":50,"column":null}},"7":{"start":{"line":17,"column":16},"end":{"line":49,"column":17}},"8":{"start":{"line":18,"column":35},"end":{"line":18,"column":36}},"9":{"start":{"line":19,"column":36},"end":{"line":19,"column":37}},"10":{"start":{"line":20,"column":37},"end":{"line":20,"column":38}},"11":{"start":{"line":21,"column":38},"end":{"line":21,"column":39}},"12":{"start":{"line":22,"column":31},"end":{"line":22,"column":32}},"13":{"start":{"line":26,"column":20},"end":{"line":30,"column":21}},"14":{"start":{"line":26,"column":39},"end":{"line":26,"column":40}},"15":{"start":{"line":27,"column":24},"end":{"line":27,"column":79}},"16":{"start":{"line":28,"column":24},"end":{"line":28,"column":70}},"17":{"start":{"line":29,"column":24},"end":{"line":29,"column":72}},"18":{"start":{"line":32,"column":20},"end":{"line":32,"column":43}},"19":{"start":{"line":34,"column":20},"end":{"line":34,"column":73}},"20":{"start":{"line":35,"column":20},"end":{"line":35,"column":48}},"21":{"start":{"line":36,"column":20},"end":{"line":36,"column":44}},"22":{"start":{"line":37,"column":20},"end":{"line":40,"column":48}},"23":{"start":{"line":38,"column":24},"end":{"line":38,"column":40}},"24":{"start":{"line":40,"column":24},"end":{"line":40,"column":48}},"25":{"start":{"line":42,"column":38},"end":{"line":42,"column":79}},"26":{"start":{"line":43,"column":20},"end":{"line":43,"column":70}},"27":{"start":{"line":44,"column":20},"end":{"line":44,"column":55}},"28":{"start":{"line":46,"column":20},"end":{"line":46,"column":48}},"29":{"start":{"line":48,"column":20},"end":{"line":48,"column":33}},"30":{"start":{"line":50,"column":19},"end":{"line":50,"column":null}},"31":{"start":{"line":52,"column":15},"end":{"line":52,"column":28}},"32":{"start":{"line":56,"column":11},"end":{"line":56,"column":24}},"33":{"start":{"line":3,"column":0},"end":{"line":3,"column":16}}},"fnMap":{"0":{"name":"validateCPF","decl":{"start":{"line":3,"column":16},"end":{"line":3,"column":27}},"loc":{"start":{"line":3,"column":31},"end":{"line":58,"column":1}}},"1":{"name":"clearCPF","decl":{"start":{"line":6,"column":17},"end":{"line":6,"column":25}},"loc":{"start":{"line":6,"column":25},"end":{"line":8,"column":9}}},"2":{"name":"isEqualCharacters","decl":{"start":{"line":10,"column":17},"end":{"line":10,"column":34}},"loc":{"start":{"line":10,"column":34},"end":{"line":12,"column":9}}},"3":{"name":"(anonymous_3)","decl":{"start":{"line":11,"column":39},"end":{"line":11,"column":40}},"loc":{"start":{"line":11,"column":44},"end":{"line":11,"column":56}}}},"branchMap":{"0":{"loc":{"start":{"line":4,"column":4},"end":{"line":56,"column":24}},"type":"if","locations":[{"start":{"line":4,"column":4},"end":{"line":56,"column":24}},{"start":{"line":56,"column":11},"end":{"line":56,"column":24}}]},"1":{"loc":{"start":{"line":14,"column":8},"end":{"line":52,"column":28}},"type":"if","locations":[{"start":{"line":14,"column":8},"end":{"line":52,"column":28}},{"start":{"line":52,"column":15},"end":{"line":52,"column":28}}]},"2":{"loc":{"start":{"line":14,"column":12},"end":{"line":14,"column":48}},"type":"binary-expr","locations":[{"start":{"line":14,"column":12},"end":{"line":14,"column":28}},{"start":{"line":14,"column":32},"end":{"line":14,"column":48}}]},"3":{"loc":{"start":{"line":16,"column":12},"end":{"line":50,"column":null}},"type":"if","locations":[{"start":{"line":16,"column":12},"end":{"line":50,"column":null}},{"start":{"line":50,"column":19},"end":{"line":50,"column":null}}]},"4":{"loc":{"start":{"line":34,"column":33},"end":{"line":34,"column":72}},"type":"cond-expr","locations":[{"start":{"line":34,"column":46},"end":{"line":34,"column":60}},{"start":{"line":34,"column":63},"end":{"line":34,"column":72}}]},"5":{"loc":{"start":{"line":37,"column":20},"end":{"line":40,"column":48}},"type":"if","locations":[{"start":{"line":37,"column":20},"end":{"line":40,"column":48}},{"start":{"line":40,"column":24},"end":{"line":40,"column":48}}]}},"s":{"0":7,"1":4,"2":4,"3":16,"4":5,"5":4,"6":4,"7":3,"8":3,"9":3,"10":3,"11":3,"12":3,"13":3,"14":3,"15":27,"16":27,"17":27,"18":3,"19":3,"20":3,"21":3,"22":3,"23":1,"24":2,"25":3,"26":3,"27":3,"28":0,"29":0,"30":1,"31":1,"32":2,"33":1},"f":{"0":7,"1":4,"2":4,"3":16},"b":{"0":[5,2],"1":[4,1],"2":[5,5],"3":[3,1],"4":[1,2],"5":[1,2]}}
,"/home/julia/ccca/refactoring-1/src/before/validate.ts": {"path":"/home/julia/ccca/refactoring-1/src/before/validate.ts","statementMap":{"0":{"start":{"line":5,"column":1},"end":{"line":60,"column":21}},"1":{"start":{"line":6,"column":8},"end":{"line":57,"column":9}},"2":{"start":{"line":7,"column":12},"end":{"line":56,"column":31}},"3":{"start":{"line":9,"column":16},"end":{"line":13,"column":37}},"4":{"start":{"line":15,"column":16},"end":{"line":54,"column":null}},"5":{"start":{"line":15,"column":46},"end":{"line":15,"column":58}},"6":{"start":{"line":16,"column":20},"end":{"line":53,"column":21}},"7":{"start":{"line":21,"column":24},"end":{"line":21,"column":36}},"8":{"start":{"line":22,"column":24},"end":{"line":22,"column":45}},"9":{"start":{"line":24,"column":24},"end":{"line":34,"column":25}},"10":{"start":{"line":24,"column":42},"end":{"line":24,"column":43}},"11":{"start":{"line":29,"column":32},"end":{"line":29,"column":84}},"12":{"start":{"line":30,"column":32},"end":{"line":30,"column":67}},"13":{"start":{"line":32,"column":32},"end":{"line":32,"column":67}},"14":{"start":{"line":36,"column":24},"end":{"line":36,"column":41}},"15":{"start":{"line":38,"column":24},"end":{"line":38,"column":63}},"16":{"start":{"line":39,"column":24},"end":{"line":39,"column":38}},"17":{"start":{"line":40,"column":24},"end":{"line":40,"column":41}},"18":{"start":{"line":41,"column":24},"end":{"line":44,"column":44}},"19":{"start":{"line":42,"column":28},"end":{"line":42,"column":36}},"20":{"start":{"line":44,"column":28},"end":{"line":44,"column":44}},"21":{"start":{"line":46,"column":46},"end":{"line":46,"column":85}},"22":{"start":{"line":47,"column":24},"end":{"line":47,"column":57}},"23":{"start":{"line":48,"column":24},"end":{"line":48,"column":57}},"24":{"start":{"line":50,"column":24},"end":{"line":50,"column":50}},"25":{"start":{"line":52,"column":24},"end":{"line":52,"column":37}},"26":{"start":{"line":54,"column":23},"end":{"line":54,"column":null}},"27":{"start":{"line":56,"column":18},"end":{"line":56,"column":31}},"28":{"start":{"line":60,"column":8},"end":{"line":60,"column":21}},"29":{"start":{"line":3,"column":0},"end":{"line":3,"column":16}}},"fnMap":{"0":{"name":"validate","decl":{"start":{"line":3,"column":16},"end":{"line":3,"column":24}},"loc":{"start":{"line":3,"column":29},"end":{"line":62,"column":1}}},"1":{"name":"(anonymous_1)","decl":{"start":{"line":15,"column":41},"end":{"line":15,"column":42}},"loc":{"start":{"line":15,"column":46},"end":{"line":15,"column":58}}}},"branchMap":{"0":{"loc":{"start":{"line":5,"column":1},"end":{"line":60,"column":21}},"type":"if","locations":[{"start":{"line":5,"column":1},"end":{"line":60,"column":21}},{"start":{"line":60,"column":8},"end":{"line":60,"column":21}}]},"1":{"loc":{"start":{"line":6,"column":8},"end":{"line":57,"column":9}},"type":"if","locations":[{"start":{"line":6,"column":8},"end":{"line":57,"column":9}}]},"2":{"loc":{"start":{"line":7,"column":12},"end":{"line":56,"column":31}},"type":"if","locations":[{"start":{"line":7,"column":12},"end":{"line":56,"column":31}},{"start":{"line":56,"column":18},"end":{"line":56,"column":31}}]},"3":{"loc":{"start":{"line":7,"column":16},"end":{"line":7,"column":52}},"type":"binary-expr","locations":[{"start":{"line":7,"column":16},"end":{"line":7,"column":32}},{"start":{"line":7,"column":36},"end":{"line":7,"column":52}}]},"4":{"loc":{"start":{"line":15,"column":16},"end":{"line":54,"column":null}},"type":"if","locations":[{"start":{"line":15,"column":16},"end":{"line":54,"column":null}},{"start":{"line":54,"column":23},"end":{"line":54,"column":null}}]},"5":{"loc":{"start":{"line":38,"column":30},"end":{"line":38,"column":62}},"type":"cond-expr","locations":[{"start":{"line":38,"column":43},"end":{"line":38,"column":50}},{"start":{"line":38,"column":53},"end":{"line":38,"column":62}}]},"6":{"loc":{"start":{"line":41,"column":24},"end":{"line":44,"column":44}},"type":"if","locations":[{"start":{"line":41,"column":24},"end":{"line":44,"column":44}},{"start":{"line":44,"column":28},"end":{"line":44,"column":44}}]}},"s":{"0":7,"1":6,"2":5,"3":4,"4":4,"5":16,"6":3,"7":3,"8":3,"9":3,"10":3,"11":27,"12":27,"13":27,"14":3,"15":3,"16":3,"17":3,"18":3,"19":1,"20":2,"21":3,"22":3,"23":3,"24":0,"25":0,"26":1,"27":1,"28":1,"29":1},"f":{"0":7,"1":16},"b":{"0":[6,1],"1":[5],"2":[4,1],"3":[5,5],"4":[3,1],"5":[1,2],"6":[1,2]}}
}
