TN:
SF:src/after/validateCPF.ts
FN:3,validateCPF
FN:6,clearCPF
FN:10,isEqualCharacters
FN:11,(anonymous_3)
FNF:4
FNH:4
FNDA:7,validateCPF
FNDA:4,clearCPF
FNDA:4,isEqualCharacters
FNDA:16,(anonymous_3)
DA:3,1
DA:4,7
DA:7,4
DA:11,16
DA:14,5
DA:15,4
DA:16,4
DA:17,3
DA:18,3
DA:19,3
DA:20,3
DA:21,3
DA:22,3
DA:26,3
DA:27,27
DA:28,27
DA:29,27
DA:32,3
DA:34,3
DA:35,3
DA:36,3
DA:37,3
DA:38,1
DA:40,2
DA:42,3
DA:43,3
DA:44,3
DA:46,0
DA:48,0
DA:50,1
DA:52,1
DA:56,2
LF:32
LH:30
BRDA:4,0,0,5
BRDA:4,0,1,2
BRDA:14,1,0,4
BRDA:14,1,1,1
BRDA:14,2,0,5
BRDA:14,2,1,5
BRDA:16,3,0,3
BRDA:16,3,1,1
BRDA:34,4,0,1
BRDA:34,4,1,2
BRDA:37,5,0,1
BRDA:37,5,1,2
BRF:12
BRH:12
end_of_record
TN:
SF:src/before/validate.ts
FN:3,validate
FN:15,(anonymous_1)
FNF:2
FNH:2
FNDA:7,validate
FNDA:16,(anonymous_1)
DA:3,1
DA:5,7
DA:6,6
DA:7,5
DA:9,4
DA:15,16
DA:16,3
DA:21,3
DA:22,3
DA:24,3
DA:29,27
DA:30,27
DA:32,27
DA:36,3
DA:38,3
DA:39,3
DA:40,3
DA:41,3
DA:42,1
DA:44,2
DA:46,3
DA:47,3
DA:48,3
DA:50,0
DA:52,0
DA:54,1
DA:56,1
DA:60,1
LF:28
LH:26
BRDA:5,0,0,6
BRDA:5,0,1,1
BRDA:6,1,0,5
BRDA:7,2,0,4
BRDA:7,2,1,1
BRDA:7,3,0,5
BRDA:7,3,1,5
BRDA:15,4,0,3
BRDA:15,4,1,1
BRDA:38,5,0,1
BRDA:38,5,1,2
BRDA:41,6,0,1
BRDA:41,6,1,2
BRF:13
BRH:13
end_of_record
